<?xml version="1.0" encoding="UTF-8"?>
<testng-results ignored="0" total="1" passed="1" failed="0" skipped="0">
  <reporter-output>
  </reporter-output>
  <suite started-at="2021-06-21T12:21:28 CDT" name="Default suite" finished-at="2021-06-21T12:21:43 CDT" duration-ms="14886">
    <groups>
    </groups>
    <test started-at="2021-06-21T12:21:28 CDT" name="Default test" finished-at="2021-06-21T12:21:43 CDT" duration-ms="14886">
      <class name="test.AddCustomerTest">
        <test-method signature="validateUserShouldBeAbleToAddCustomer()[pri:0, instance:test.AddCustomerTest@77258e59]" started-at="2021-06-21T12:21:28 CDT" name="validateUserShouldBeAbleToAddCustomer" finished-at="2021-06-21T12:21:43 CDT" duration-ms="14834" status="PASS">
          <reporter-output>
          </reporter-output>
        </test-method> <!-- validateUserShouldBeAbleToAddCustomer -->
      </class> <!-- test.AddCustomerTest -->
    </test> <!-- Default test -->
  </suite> <!-- Default suite -->
</testng-results>
